[    0.000000] Linux version 4.15.0-136-generic (buildd@lcy01-amd64-029) (gcc version 7.5.0 (Ubuntu 7.5.0-3ubuntu1~18.04)) #140-Ubuntu SMP Thu Jan 28 05:20:47 UTC 2021 (Ubuntu 4.15.0-136.140-generic 4.15.18)
[    0.000000] Command line: BOOT_IMAGE=/boot/vmlinuz-4.15.0-136-generic root=LABEL=cloudimg-rootfs ro console=tty1 console=ttyS0
[    0.000000] KERNEL supported cpus:
[    0.000000]   Intel GenuineIntel
[    0.000000]   AMD AuthenticAMD
[    0.000000]   Centaur CentaurHauls
[    0.000000] x86/fpu: Supporting XSAVE feature 0x001: 'x87 floating point registers'
[    0.000000] x86/fpu: Supporting XSAVE feature 0x002: 'SSE registers'
[    0.000000] x86/fpu: Supporting XSAVE feature 0x004: 'AVX registers'
[    0.000000] x86/fpu: xstate_offset[2]:  576, xstate_sizes[2]:  256
[    0.000000] x86/fpu: Enabled xstate features 0x7, context size is 832 bytes, using 'standard' format.
[    0.000000] e820: BIOS-provided physical RAM map:
[    0.000000] BIOS-e820: [mem 0x0000000000000000-0x000000000009fbff] usable
[    0.000000] BIOS-e820: [mem 0x000000000009fc00-0x000000000009ffff] reserved
[    0.000000] BIOS-e820: [mem 0x00000000000f0000-0x00000000000fffff] reserved
[    0.000000] BIOS-e820: [mem 0x0000000000100000-0x000000003ffeffff] usable
[    0.000000] BIOS-e820: [mem 0x000000003fff0000-0x000000003fffffff] ACPI data
[    0.000000] BIOS-e820: [mem 0x00000000fec00000-0x00000000fec00fff] reserved
[    0.000000] BIOS-e820: [mem 0x00000000fee00000-0x00000000fee00fff] reserved
[    0.000000] BIOS-e820: [mem 0x00000000fffc0000-0x00000000ffffffff] reserved
[    0.000000] NX (Execute Disable) protection: active
[    0.000000] SMBIOS 2.5 present.
[    0.000000] DMI: innotek GmbH VirtualBox/VirtualBox, BIOS VirtualBox 12/01/2006
[    0.000000] Hypervisor detected: KVM
[    0.000000] e820: last_pfn = 0x3fff0 max_arch_pfn = 0x400000000
[    0.000000] MTRR: Disabled
[    0.000000] x86/PAT: MTRRs disabled, skipping PAT initialization too.
[    0.000000] CPU MTRRs all blank - virtualized system.
[    0.000000] x86/PAT: Configuration [0-7]: WB  WT  UC- UC  WB  WT  UC- UC  
[    0.000000] found SMP MP-table at [mem 0x0009fff0-0x0009ffff]
[    0.000000] Scanning 1 areas for low memory corruption
[    0.000000] RAMDISK: [mem 0x35a63000-0x36d28fff]
[    0.000000] ACPI: Early table checksum verification disabled
[    0.000000] ACPI: RSDP 0x00000000000E0000 000024 (v02 VBOX  )
[    0.000000] ACPI: XSDT 0x000000003FFF0030 00003C (v01 VBOX   VBOXXSDT 00000001 ASL  00000061)
[    0.000000] ACPI: FACP 0x000000003FFF00F0 0000F4 (v04 VBOX   VBOXFACP 00000001 ASL  00000061)
[    0.000000] ACPI: DSDT 0x000000003FFF0470 002325 (v02 VBOX   VBOXBIOS 00000002 INTL 20120111)
[    0.000000] ACPI: FACS 0x000000003FFF0200 000040
[    0.000000] ACPI: FACS 0x000000003FFF0200 000040
[    0.000000] ACPI: APIC 0x000000003FFF0240 00005C (v02 VBOX   VBOXAPIC 00000001 ASL  00000061)
[    0.000000] ACPI: SSDT 0x000000003FFF02A0 0001CC (v01 VBOX   VBOXCPUT 00000002 INTL 20120111)
[    0.000000] No NUMA configuration found
[    0.000000] Faking a node at [mem 0x0000000000000000-0x000000003ffeffff]
[    0.000000] NODE_DATA(0) allocated [mem 0x3ffc5000-0x3ffeffff]
[    0.000000] kvm-clock: cpu 0, msr 0:3ff44001, primary cpu clock
[    0.000000] kvm-clock: Using msrs 4b564d01 and 4b564d00
[    0.000000] kvm-clock: using sched offset of 3731512610 cycles
[    0.000000] clocksource: kvm-clock: mask: 0xffffffffffffffff max_cycles: 0x1cd42e4dffb, max_idle_ns: 881590591483 ns
[    0.000000] Zone ranges:
[    0.000000]   DMA      [mem 0x0000000000001000-0x0000000000ffffff]
[    0.000000]   DMA32    [mem 0x0000000001000000-0x000000003ffeffff]
[    0.000000]   Normal   empty
[    0.000000]   Device   empty
[    0.000000] Movable zone start for each node
[    0.000000] Early memory node ranges
[    0.000000]   node   0: [mem 0x0000000000001000-0x000000000009efff]
[    0.000000]   node   0: [mem 0x0000000000100000-0x000000003ffeffff]
[    0.000000] Reserved but unavailable: 98 pages
[    0.000000] Initmem setup node 0 [mem 0x0000000000001000-0x000000003ffeffff]
[    0.000000] ACPI: PM-Timer IO Port: 0x4008
[    0.000000] IOAPIC[0]: apic_id 2, version 32, address 0xfec00000, GSI 0-23
[    0.000000] ACPI: INT_SRC_OVR (bus 0 bus_irq 0 global_irq 2 dfl dfl)
[    0.000000] ACPI: INT_SRC_OVR (bus 0 bus_irq 9 global_irq 9 low level)
[    0.000000] Using ACPI (MADT) for SMP configuration information
[    0.000000] smpboot: Allowing 2 CPUs, 0 hotplug CPUs
[    0.000000] PM: Registered nosave memory: [mem 0x00000000-0x00000fff]
[    0.000000] PM: Registered nosave memory: [mem 0x0009f000-0x0009ffff]
[    0.000000] PM: Registered nosave memory: [mem 0x000a0000-0x000effff]
[    0.000000] PM: Registered nosave memory: [mem 0x000f0000-0x000fffff]
[    0.000000] e820: [mem 0x40000000-0xfebfffff] available for PCI devices
[    0.000000] Booting paravirtualized kernel on KVM
[    0.000000] clocksource: refined-jiffies: mask: 0xffffffff max_cycles: 0xffffffff, max_idle_ns: 7645519600211568 ns
[    0.000000] random: get_random_bytes called from start_kernel+0x99/0x500 with crng_init=0
[    0.000000] setup_percpu: NR_CPUS:8192 nr_cpumask_bits:2 nr_cpu_ids:2 nr_node_ids:1
[    0.000000] percpu: Embedded 45 pages/cpu s147456 r8192 d28672 u1048576
[    0.000000] PV qspinlock hash table entries: 256 (order: 0, 4096 bytes)
[    0.000000] Built 1 zonelists, mobility grouping on.  Total pages: 257913
[    0.000000] Policy zone: DMA32
[    0.000000] Kernel command line: BOOT_IMAGE=/boot/vmlinuz-4.15.0-136-generic root=LABEL=cloudimg-rootfs ro console=tty1 console=ttyS0
[    0.000000] Memory: 983020K/1048120K available (12300K kernel code, 2482K rwdata, 4276K rodata, 2440K init, 2724K bss, 65100K reserved, 0K cma-reserved)
[    0.000000] SLUB: HWalign=64, Order=0-3, MinObjects=0, CPUs=2, Nodes=1
[    0.000000] Kernel/User page tables isolation: enabled
[    0.000000] ftrace: allocating 39427 entries in 155 pages
[    0.004000] Hierarchical RCU implementation.
[    0.004000] 	RCU restricting CPUs from NR_CPUS=8192 to nr_cpu_ids=2.
[    0.004000] 	Tasks RCU enabled.
[    0.004000] RCU: Adjusting geometry for rcu_fanout_leaf=16, nr_cpu_ids=2
[    0.004000] NR_IRQS: 524544, nr_irqs: 440, preallocated irqs: 16
[    0.004000] Console: colour VGA+ 80x25
[    0.004000] console [tty1] enabled
[    0.004000] console [ttyS0] enabled
[    0.004000] ACPI: Core revision 20170831
[    0.004000] ACPI: 2 ACPI AML tables successfully acquired and loaded
[    0.004000] APIC: Switch to symmetric I/O mode setup
[    0.004000] x2apic enabled
[    0.004000] Switched APIC routing to physical x2apic.
[    0.004000] ..TIMER: vector=0x30 apic1=0 pin1=2 apic2=-1 pin2=-1
[    0.004000] tsc: Detected 2592.000 MHz processor
[    0.004008] Calibrating delay loop (skipped) preset value.. 5184.00 BogoMIPS (lpj=10368000)
[    0.005347] pid_max: default: 32768 minimum: 301
[    0.006092] Security Framework initialized
[    0.006742] Yama: becoming mindful.
[    0.007358] AppArmor: AppArmor initialized
[    0.009555] Dentry cache hash table entries: 131072 (order: 8, 1048576 bytes)
[    0.010695] Inode-cache hash table entries: 65536 (order: 7, 524288 bytes)
[    0.012009] Mount-cache hash table entries: 2048 (order: 2, 16384 bytes)
[    0.013034] Mountpoint-cache hash table entries: 2048 (order: 2, 16384 bytes)
[    0.014512] Last level iTLB entries: 4KB 64, 2MB 8, 4MB 8
[    0.015357] Last level dTLB entries: 4KB 64, 2MB 0, 4MB 0, 1GB 4
[    0.016002] Spectre V1 : Mitigation: usercopy/swapgs barriers and __user pointer sanitization
[    0.017335] Spectre V2 : Mitigation: Full generic retpoline
[    0.018199] Spectre V2 : Spectre v2 / SpectreRSB mitigation: Filling RSB on context switch
[    0.020001] Speculative Store Bypass: Vulnerable
[    0.020772] SRBDS: Unknown: Dependent on hypervisor status
[    0.021640] MDS: Mitigation: Clear CPU buffers
[    0.022526] Freeing SMP alternatives memory: 36K
[    0.133219] smpboot: CPU0: Intel(R) Core(TM) i7-9750H CPU @ 2.60GHz (family: 0x6, model: 0x9e, stepping: 0xa)
[    0.134945] Performance Events: unsupported p6 CPU model 158 no PMU driver, software events only.
[    0.136000] Hierarchical SRCU implementation.
[    0.136559] NMI watchdog: Perf event create on CPU 0 failed with -2
[    0.137544] NMI watchdog: Perf NMI watchdog permanently disabled
[    0.138542] smp: Bringing up secondary CPUs ...
[    0.139340] x86: Booting SMP configuration:
[    0.140002] .... node  #0, CPUs:      #1
[    0.004000] kvm-clock: cpu 1, msr 0:3ff44041, secondary cpu clock
[    0.144015] smp: Brought up 1 node, 2 CPUs
[    0.144682] smpboot: Max logical packages: 1
[    0.145468] smpboot: Total of 2 processors activated (10368.00 BogoMIPS)
[    0.146640] devtmpfs: initialized
[    0.146640] x86/mm: Memory block size: 128MB
[    0.148101] evm: security.selinux
[    0.148657] evm: security.SMACK64
[    0.149203] evm: security.SMACK64EXEC
[    0.149799] evm: security.SMACK64TRANSMUTE
[    0.150451] evm: security.SMACK64MMAP
[    0.151041] evm: security.apparmor
[    0.151604] evm: security.ima
[    0.152001] evm: security.capability
[    0.152609] clocksource: jiffies: mask: 0xffffffff max_cycles: 0xffffffff, max_idle_ns: 7645041785100000 ns
[    0.153549] futex hash table entries: 512 (order: 3, 32768 bytes)
[    0.155814] pinctrl core: initialized pinctrl subsystem
[    0.156074] RTC time: 21:04:37, date: 02/25/21
[    0.156970] NET: Registered protocol family 16
[    0.160052] audit: initializing netlink subsys (disabled)
[    0.160979] audit: type=2000 audit(1614287082.292:1): state=initialized audit_enabled=0 res=1
[    0.161395] cpuidle: using governor ladder
[    0.161395] cpuidle: using governor menu
[    0.161395] ACPI: bus type PCI registered
[    0.164007] acpiphp: ACPI Hot Plug PCI Controller Driver version: 0.5
[    0.165169] PCI: Using configuration type 1 for base access
[    0.166068] HugeTLB registered 2.00 MiB page size, pre-allocated 0 pages
[    0.168050] ACPI: Added _OSI(Module Device)
[    0.168739] ACPI: Added _OSI(Processor Device)
[    0.169456] ACPI: Added _OSI(3.0 _SCP Extensions)
[    0.170198] ACPI: Added _OSI(Processor Aggregator Device)
[    0.171078] ACPI: Added _OSI(Linux-Dell-Video)
[    0.172002] ACPI: Added _OSI(Linux-Lenovo-NV-HDMI-Audio)
[    0.172980] ACPI: Added _OSI(Linux-HPI-Hybrid-Graphics)
[    0.174103] ACPI: Executed 1 blocks of module-level executable AML code
[    0.177655] ACPI: Interpreter enabled
[    0.178300] ACPI: (supports S0 S5)
[    0.179007] ACPI: Using IOAPIC for interrupt routing
[    0.179960] PCI: Using host bridge windows from ACPI; if necessary, use "pci=nocrs" and report a bug
[    0.180158] ACPI: Enabled 2 GPEs in block 00 to 07
[    0.187502] ACPI: PCI Root Bridge [PCI0] (domain 0000 [bus 00-ff])
[    0.188007] acpi PNP0A03:00: _OSC: OS supports [ASPM ClockPM Segments MSI]
[    0.189454] acpi PNP0A03:00: _OSC: not requesting OS control; OS requires [ExtendedConfig ASPM ClockPM MSI]
[    0.191058] acpi PNP0A03:00: fail to add MMCONFIG information, can't access extended PCI configuration space under this bridge.
[    0.192390] PCI host bridge to bus 0000:00
[    0.193057] pci_bus 0000:00: root bus resource [io  0x0000-0x0cf7 window]
[    0.194132] pci_bus 0000:00: root bus resource [io  0x0d00-0xffff window]
[    0.196002] pci_bus 0000:00: root bus resource [mem 0x000a0000-0x000bffff window]
[    0.197213] pci_bus 0000:00: root bus resource [mem 0x40000000-0xfdffffff window]
[    0.198450] pci_bus 0000:00: root bus resource [bus 00-ff]
[    0.202029] pci 0000:00:01.1: legacy IDE quirk: reg 0x10: [io  0x01f0-0x01f7]
[    0.203217] pci 0000:00:01.1: legacy IDE quirk: reg 0x14: [io  0x03f6]
[    0.204002] pci 0000:00:01.1: legacy IDE quirk: reg 0x18: [io  0x0170-0x0177]
[    0.205551] pci 0000:00:01.1: legacy IDE quirk: reg 0x1c: [io  0x0376]
[    0.217215] pci 0000:00:07.0: quirk: [io  0x4000-0x403f] claimed by PIIX4 ACPI
[    0.218871] pci 0000:00:07.0: quirk: [io  0x4100-0x410f] claimed by PIIX4 SMB
[    0.224009] ACPI: PCI Interrupt Link [LNKA] (IRQs 5 9 10 *11)
[    0.225188] ACPI: PCI Interrupt Link [LNKB] (IRQs 5 9 *10 11)
[    0.226264] ACPI: PCI Interrupt Link [LNKC] (IRQs 5 *9 10 11)
[    0.227266] ACPI: PCI Interrupt Link [LNKD] (IRQs 5 9 10 *11)
[    0.228395] SCSI subsystem initialized
[    0.230077] pci 0000:00:02.0: vgaarb: setting as boot VGA device
[    0.230077] pci 0000:00:02.0: vgaarb: VGA device added: decodes=io+mem,owns=io+mem,locks=none
[    0.232009] pci 0000:00:02.0: vgaarb: bridge control possible
[    0.232978] vgaarb: loaded
[    0.233482] ACPI: bus type USB registered
[    0.234299] usbcore: registered new interface driver usbfs
[    0.236021] usbcore: registered new interface driver hub
[    0.237253] usbcore: registered new device driver usb
[    0.238182] EDAC MC: Ver: 3.0.0
[    0.240245] PCI: Using ACPI for IRQ routing
[    0.241308] NetLabel: Initializing
[    0.242119] NetLabel:  domain hash size = 128
[    0.243061] NetLabel:  protocols = UNLABELED CIPSOv4 CALIPSO
[    0.244016] NetLabel:  unlabeled traffic allowed by default
[    0.244931] clocksource: Switched to clocksource kvm-clock
[    0.255023] VFS: Disk quotas dquot_6.6.0
[    0.255790] VFS: Dquot-cache hash table entries: 512 (order 0, 4096 bytes)
[    0.257353] AppArmor: AppArmor Filesystem Enabled
[    0.258280] pnp: PnP ACPI init
[    0.259964] pnp: PnP ACPI: found 3 devices
[    0.268556] clocksource: acpi_pm: mask: 0xffffff max_cycles: 0xffffff, max_idle_ns: 2085701024 ns
[    0.270342] NET: Registered protocol family 2
[    0.271197] TCP established hash table entries: 8192 (order: 4, 65536 bytes)
[    0.272630] TCP bind hash table entries: 8192 (order: 5, 131072 bytes)
[    0.275393] TCP: Hash tables configured (established 8192 bind 8192)
[    0.276461] UDP hash table entries: 512 (order: 2, 16384 bytes)
[    0.277692] UDP-Lite hash table entries: 512 (order: 2, 16384 bytes)
[    0.278783] NET: Registered protocol family 1
[    0.279535] pci 0000:00:00.0: Limiting direct PCI/PCI transfers
[    0.280606] pci 0000:00:01.0: Activating ISA DMA hang workarounds
[    0.281699] pci 0000:00:02.0: Video device with shadowed ROM at [mem 0x000c0000-0x000dffff]
[    0.283256] Unpacking initramfs...
[    0.510941] Freeing initrd memory: 19224K
[    0.511908] clocksource: tsc: mask: 0xffffffffffffffff max_cycles: 0x255cb6cc5db, max_idle_ns: 440795203504 ns
[    0.513910] platform rtc_cmos: registered platform RTC device (no PNP device found)
[    0.515286] Scanning for low memory corruption every 60 seconds
[    0.516957] Initialise system trusted keyrings
[    0.517838] Key type blacklist registered
[    0.518760] workingset: timestamp_bits=36 max_order=18 bucket_order=0
[    0.520450] zbud: loaded
[    0.521288] squashfs: version 4.0 (2009/01/31) Phillip Lougher
[    0.522879] fuse init (API version 7.26)
[    0.525114] Key type asymmetric registered
[    0.525781] Asymmetric key parser 'x509' registered
[    0.526564] Block layer SCSI generic (bsg) driver version 0.4 loaded (major 246)
[    0.527831] io scheduler noop registered
[    0.528582] io scheduler deadline registered
[    0.529293] io scheduler cfq registered (default)
[    0.530417] ACPI: AC Adapter [AC] (on-line)
[    0.531138] input: Power Button as /devices/LNXSYSTM:00/LNXPWRBN:00/input/input0
[    0.532396] ACPI: Power Button [PWRF]
[    0.533064] input: Sleep Button as /devices/LNXSYSTM:00/LNXSLPBN:00/input/input1
[    0.534306] ACPI: Sleep Button [SLPF]
[    0.536239] Serial: 8250/16550 driver, 32 ports, IRQ sharing enabled
[    0.536264] ACPI: Battery Slot [BAT0] (battery present)
[    0.559247] 00:02: ttyS0 at I/O 0x3f8 (irq = 4, base_baud = 115200) is a 16550A
[    0.561637] Linux agpgart interface v0.103
[    0.563387] loop: module loaded
[    0.564457] scsi host0: ata_piix
[    0.565115] scsi host1: ata_piix
[    0.565772] ata1: PATA max UDMA/33 cmd 0x1f0 ctl 0x3f6 bmdma 0xd000 irq 14
[    0.566903] ata2: PATA max UDMA/33 cmd 0x170 ctl 0x376 bmdma 0xd008 irq 15
[    0.568074] libphy: Fixed MDIO Bus: probed
[    0.568769] tun: Universal TUN/TAP device driver, 1.6
[    0.569840] PPP generic driver version 2.4.2
[    0.570640] ehci_hcd: USB 2.0 'Enhanced' Host Controller (EHCI) Driver
[    0.571636] ehci-pci: EHCI PCI platform driver
[    0.572614] ehci-platform: EHCI generic platform driver
[    0.573613] ohci_hcd: USB 1.1 'Open' Host Controller (OHCI) Driver
[    0.574592] ohci-pci: OHCI PCI platform driver
[    0.575315] ohci-platform: OHCI generic platform driver
[    0.576138] uhci_hcd: USB Universal Host Controller Interface driver
[    0.577251] i8042: PNP: PS/2 Controller [PNP0303:PS2K,PNP0f03:PS2M] at 0x60,0x64 irq 1,12
[    0.578922] serio: i8042 KBD port at 0x60,0x64 irq 1
[    0.579732] serio: i8042 AUX port at 0x60,0x64 irq 12
[    0.580744] mousedev: PS/2 mouse device common for all mice
[    0.581783] input: AT Translated Set 2 keyboard as /devices/platform/i8042/serio0/input/input2
[    0.583495] rtc_cmos rtc_cmos: rtc core: registered rtc_cmos as rtc0
[    0.584545] rtc_cmos rtc_cmos: alarms up to one day, 114 bytes nvram
[    0.585536] i2c /dev entries driver
[    0.586187] device-mapper: uevent: version 1.0.3
[    0.587083] device-mapper: ioctl: 4.37.0-ioctl (2017-09-20) initialised: dm-devel@redhat.com
[    0.588500] ledtrig-cpu: registered to indicate activity on CPUs
[    0.589881] NET: Registered protocol family 10
[    0.593327] Segment Routing with IPv6
[    0.594025] NET: Registered protocol family 17
[    0.594785] Key type dns_resolver registered
[    0.595575] mce: Using 0 MCE banks
[    0.596171] RAS: Correctable Errors collector initialized.
[    0.597346] sched_clock: Marking stable (596156160, 0)->(721077757, -124921597)
[    0.598843] registered taskstats version 1
[    0.599546] Loading compiled-in X.509 certificates
[    0.601962] Loaded X.509 cert 'Build time autogenerated kernel key: c356b48d5f070be9e15fb09bbd57426939f0386e'
[    0.603569] zswap: loaded using pool lzo/zbud
[    0.606775] Key type big_key registered
[    0.607424] Key type trusted registered
[    0.609221] Key type encrypted registered
[    0.610474] AppArmor: AppArmor sha1 policy hashing enabled
[    0.611502] ima: No TPM chip found, activating TPM-bypass! (rc=-19)
[    0.612550] ima: Allocated hash algorithm: sha1
[    0.613309] evm: HMAC attrs: 0x1
[    0.614083]   Magic number: 9:595:96
[    0.614762] rtc_cmos rtc_cmos: setting system clock to 2021-02-25 21:04:37 UTC (1614287077)
[    0.616382] BIOS EDD facility v0.16 2004-Jun-25, 0 devices found
[    0.617399] EDD information not available.
[    0.826607] Freeing unused kernel image memory: 2440K
[    0.840454] Write protecting the kernel read-only data: 20480k
[    0.843011] Freeing unused kernel image memory: 2008K
[    0.844935] Freeing unused kernel image memory: 1868K
[    0.852344] x86/mm: Checked W+X mappings: passed, no W+X pages found.
[    0.854050] x86/mm: Checking user space page tables
[    0.862111] x86/mm: Checked W+X mappings: passed, no W+X pages found.
Loading, please wait...
starting version 237
[    0.923950] Fusion MPT base driver 3.04.20
[    0.925083] Copyright (c) 1999-2008 LSI Corporation
[    0.928914] e1000: Intel(R) PRO/1000 Network Driver - version 7.3.21-k8-NAPI
[    0.930450] e1000: Copyright (c) 1999-2006 Intel Corporation.
[    0.948733] AVX2 version of gcm_enc/dec engaged.
[    0.949710] AES CTR mode by8 optimization enabled
[    0.955388] Fusion MPT SPI Host driver 3.04.20
[    1.145483] input: ImExPS/2 Generic Explorer Mouse as /devices/platform/i8042/serio1/input/input4
[    1.334321] e1000 0000:00:03.0 eth0: (PCI:33MHz:32-bit) 02:dd:e5:eb:6c:77
[    1.336416] e1000 0000:00:03.0 eth0: Intel(R) PRO/1000 Network Connection
[    1.339530] mptbase: ioc0: Initiating bringup
[    1.339638] e1000 0000:00:03.0 enp0s3: renamed from eth0
[    1.632764] ioc0: LSI53C1030 A0: Capabilities={Initiator}
[    4.087152] scsi host2: ioc0: LSI53C1030 A0, FwRev=00000000h, Ports=1, MaxQ=256, IRQ=20
[    5.801199] scsi 2:0:0:0: Direct-Access     VBOX     HARDDISK         1.0  PQ: 0 ANSI: 5
[    5.832157] scsi target2:0:0: Beginning Domain Validation
[    5.835568] scsi target2:0:0: Domain Validation skipping write tests
[    5.837099] scsi target2:0:0: Ending Domain Validation
[    5.838210] scsi target2:0:0: asynchronous
[    5.839556] scsi 2:0:1:0: Direct-Access     VBOX     HARDDISK         1.0  PQ: 0 ANSI: 5
[    5.872220] scsi target2:0:1: Beginning Domain Validation
[    5.874514] random: fast init done
[    5.875369] scsi target2:0:1: Domain Validation skipping write tests
[    5.876577] scsi target2:0:1: Ending Domain Validation
[    5.877645] scsi target2:0:1: asynchronous
[    5.883204] random: systemd-udevd: uninitialized urandom read (16 bytes read)
[    5.884563] random: systemd-udevd: uninitialized urandom read (16 bytes read)
[    5.885860] random: systemd-udevd: uninitialized urandom read (16 bytes read)
[    5.887816] sd 2:0:0:0: Attached scsi generic sg0 type 0
[    5.887847] sd 2:0:0:0: [sda] 83886080 512-byte logical blocks: (42.9 GB/40.0 GiB)
[    5.889218] sd 2:0:1:0: Attached scsi generic sg1 type 0
[    5.890243] sd 2:0:0:0: [sda] Write Protect is off
[    5.891992] sd 2:0:1:0: [sdb] 20480 512-byte logical blocks: (10.5 MB/10.0 MiB)
[    5.893249] sd 2:0:1:0: [sdb] Write Protect is off
[    5.894052] sd 2:0:0:0: [sda] Incomplete mode parameter data
[    5.895003] sd 2:0:0:0: [sda] Assuming drive cache: write through
[    5.896256] sd 2:0:1:0: [sdb] Incomplete mode parameter data
[    5.897407] sd 2:0:1:0: [sdb] Assuming drive cache: write through
[    5.900450]  sda: sda1
[    5.901582] sd 2:0:0:0: [sda] Attached SCSI disk
[    5.902480] sd 2:0:1:0: [sdb] Attached SCSI disk
Begin: Loading essential drivers ... [    7.268283] raid6: sse2x1   gen() 11865 MB/s
[    7.316568] raid6: sse2x1   xor()  7732 MB/s
[    7.364072] raid6: sse2x2   gen() 15523 MB/s
[    7.412134] raid6: sse2x2   xor() 10999 MB/s
[    7.460028] raid6: sse2x4   gen() 18514 MB/s
[    7.508062] raid6: sse2x4   xor() 11666 MB/s
[    7.556243] raid6: avx2x1   gen() 26536 MB/s
[    7.604491] raid6: avx2x1   xor() 18976 MB/s
[    7.652963] raid6: avx2x2   gen() 30154 MB/s
[    7.700496] raid6: avx2x2   xor() 20288 MB/s
[    7.751129] raid6: avx2x4   gen() 38435 MB/s
[    7.796024] raid6: avx2x4   xor() 22125 MB/s
[    7.796841] raid6: using algorithm avx2x4 gen() 38435 MB/s
[    7.797806] raid6: .... xor() 22125 MB/s, rmw enabled
[    7.798628] raid6: using avx2x2 recovery algorithm
[    7.800211] xor: automatically using best checksumming function   avx       
[    7.802014] async_tx: api initialized (async)
done.
Begin: Running /scripts/init-premount ... done.
Begin: Mounting root file system ... Begin: Running /scripts/local-top ... done.
Begin: Running /scripts/local-premount ... [    7.837413] Btrfs loaded, crc32c=crc32c-intel
Scanning for Btrfs filesystems
done.
Warning: fsck not present, so skipping root file system
[    7.859076] EXT4-fs (sda1): mounted filesystem with ordered data mode. Opts: (null)
done.
Begin: Running /scripts/local-bottom ... done.
Begin: Running /scripts/init-bottom ... done.
[    8.008415] ip_tables: (C) 2000-2006 Netfilter Core Team
[    8.016046] systemd[1]: systemd 237 running in system mode. (+PAM +AUDIT +SELINUX +IMA +APPARMOR +SMACK +SYSVINIT +UTMP +LIBCRYPTSETUP +GCRYPT +GNUTLS +ACL +XZ +LZ4 +SECCOMP +BLKID +ELFUTILS +KMOD -IDN2 +IDN -PCRE2 default-hierarchy=hybrid)
[    8.019515] systemd[1]: Detected virtualization oracle.
[    8.020401] systemd[1]: Detected architecture x86-64.

Welcome to [1mUbuntu 18.04.5 LTS[0m!

[    8.024960] systemd[1]: Set hostname to <ubuntu>.
[    8.029363] systemd[1]: Initializing machine ID from random generator.
[    8.030461] systemd[1]: Installed transient /etc/machine-id file.
[    8.250282] systemd[1]: Set up automount Arbitrary Executable File Formats File System Automount Point.
[[0;32m  OK  [0m] Set up automount Arbitrary Executab…rmats File System Automount Point.
[    8.544840] systemd[1]: Reached target System Time Synchronized.
[[0;32m  OK  [0m] Reached target System Time Synchronized.
[    8.548554] systemd[1]: Created slice User and Session Slice.
[[0;32m  OK  [0m] Created slice User and Session Slice.
[    8.550863] systemd[1]: Reached target User and Group Name Lookups.
[[0;32m  OK  [0m] Reached target User and Group Name Lookups.
[[0;32m  OK  [0m] Created slice System Slice.
[[0;32m  OK  [0m] Created slice system-serial\x2dgetty.slice.
[[0;32m  OK  [0m] Listening on Syslog Socket.
[[0;32m  OK  [0m] Listening on LVM2 poll daemon socket.
[[0;32m  OK  [0m] Reached target Slices.
[[0;32m  OK  [0m] Listening on udev Control Socket.
[[0;32m  OK  [0m] Listening on Journal Audit Socket.
[[0;32m  OK  [0m] Listening on Journal Socket.
         Starting Uncomplicated firewall...
         Starting Set the console keyboard layout...
         Mounting POSIX Message Queue File System...
[[0;32m  OK  [0m] Listening on Device-mapper event daemon FIFOs.
         Starting Load Kernel Modules...
         Starting Create list of required st…ce nodes for the current kernel...
[[0;32m  OK  [0m] Listening on /dev/initctl Compatibility Named Pipe.
[[0;32m  OK  [0m] Listening on Network Service Netlink Socket.
[[0;32m  OK  [0m] Listening on Journal Socket (/dev/log).
[[0;32m  OK  [0m] Listening on udev Kernel Socket.
         Starting udev Coldplug all Devices...
[    8.611166] Loading iSCSI transport class v2.0-870.
         Mounting Kernel Debug File System...
[[0;32m  OK  [0m] Started Forward Password Requests to Wall Directory Watch.
[[0;32m  OK  [0m] Listening on LVM2 metadata daemon socket.
         Starting Journal Service...
[    8.641855] iscsi: registered transport (tcp)
         Starting Monitoring of LVM2 mirrors…ng dmeventd or progress polling...
         Mounting Huge Pages File System...
[    8.660284] iscsi: registered transport (iser)
[[0;32m  OK  [0m] Reached target Swap.
[[0;32m  OK  [0m] Listening on fsck to fsckd communication Socket.
         Starting File System Check on Root Device...
[[0;32m  OK  [0m] Started Uncomplicated firewall.
[[0;32m  OK  [0m] Mounted POSIX Message Queue File System.
[[0;32m  OK  [0m] Started Load Kernel Modules.
[[0;32m  OK  [0m] Started Create list of required sta…vice nodes for the current kernel.
[[0;32m  OK  [0m] Mounted Kernel Debug File System.
[[0;32m  OK  [0m] Mounted Huge Pages File System.
         Starting Create Static Device Nodes in /dev...
         Starting Apply Kernel Variables...
         Mounting Kernel Configuration File System...
         Mounting FUSE Control File System...
[[0;32m  OK  [0m] Started Journal Service.
[[0;32m  OK  [0m] Mounted Kernel Configuration File System.
[[0;32m  OK  [0m] Mounted FUSE Control File System.
[[0;32m  OK  [0m] Started LVM2 metadata daemon.
[[0;32m  OK  [0m] Started udev Coldplug all Devices.
[[0;32m  OK  [0m] Started File System Check Daemon to report status.
[[0;32m  OK  [0m] Started Create Static Device Nodes in /dev.
[[0;32m  OK  [0m] Started Apply Kernel Variables.
[[0;32m  OK  [0m] Started Set the console keyboard layout.
[[0;32m  OK  [0m] Started Monitoring of LVM2 mirrors,…sing dmeventd or progress polling.
[[0;32m  OK  [0m] Started File System Check on Root Device.
         Starting Remount Root and Kernel File Systems...
[[0;32m  OK  [0m] Started Remount Root and Kernel File Systems.
         Starting Flush Journal to Persistent Storage...
         Starting udev Kernel Device Manager...
[[0;32m  OK  [0m] Reached target Local File Systems (Pre).
[[0;32m  OK  [0m] Reached target Local File Systems.
         Starting AppArmor initialization...
         Starting Set console font and keymap...
         Starting Commit a transient machine-id on disk...
         Starting Tell Plymouth To Write Out Runtime Data...
         Starting ebtables ruleset management...
         Starting Load/Save Random Seed...
[[0;32m  OK  [0m] Started udev Kernel Device Manager.
[[0;32m  OK  [0m] Started Dispatch Password Requests to Console Directory Watch.
[[0;32m  OK  [0m] Reached target Local Encrypted Volumes.
[[0;32m  OK  [0m] Started Set console font and keymap.
[[0;32m  OK  [0m] Started Tell Plymouth To Write Out Runtime Data.
[[0;32m  OK  [0m] Started Load/Save Random Seed.
[[0;32m  OK  [0m] Started Commit a transient machine-id on disk.
[[0;32m  OK  [0m] Started Flush Journal to Persistent Storage.
         Starting Create Volatile Files and Directories...
[[0;32m  OK  [0m] Started Create Volatile Files and Directories.
         Starting Update UTMP about System Boot/Shutdown...
[[0;32m  OK  [0m] Started Update UTMP about System Boot/Shutdown.
[[0;32m  OK  [0m] Started ebtables ruleset management.
[[0;32m  OK  [0m] Found device /dev/ttyS0.
[[0;32m  OK  [0m] Listening on Load/Save RF Kill Switch Status /dev/rfkill Watch.
[[0;32m  OK  [0m] Started AppArmor initialization.
         Starting Load AppArmor profiles managed internally by snapd...
         Starting Initial cloud-init job (pre-networking)...
[[0;32m  OK  [0m] Started Load AppArmor profiles managed internally by snapd.
[   10.557651] cloud-init[562]: Cloud-init v. 20.4.1-0ubuntu1~18.04.1 running 'init-local' at Thu, 25 Feb 2021 21:04:47 +0000. Up 10.23 seconds.
[[0;32m  OK  [0m] Started Initial cloud-init job (pre-networking).
[[0;32m  OK  [0m] Reached target Network (Pre).
         Starting Network Service...
[[0;32m  OK  [0m] Started Network Service.
         Starting Wait for Network to be Configured...
         Starting Network Name Resolution...
[[0;32m  OK  [0m] Started Network Name Resolution.
[[0;32m  OK  [0m] Reached target Network.
[[0;32m  OK  [0m] Reached target Host and Network Name Lookups.
[[0;32m  OK  [0m] Started Wait for Network to be Configured.
         Starting Initial cloud-init job (metadata service crawler)...
[   12.227357] cloud-init[686]: Cloud-init v. 20.4.1-0ubuntu1~18.04.1 running 'init' at Thu, 25 Feb 2021 21:04:49 +0000. Up 12.12 seconds.
[   12.228573] cloud-init[686]: ci-info: ++++++++++++++++++++++++++++++++++++++Net device info++++++++++++++++++++++++++++++++++++++
[   12.240181] cloud-init[686]: ci-info: +--------+------+----------------------------+---------------+--------+-------------------+
[   12.241453] cloud-init[686]: ci-info: | Device |  Up  |          Address           |      Mask     | Scope  |     Hw-Address    |
[   12.243398] cloud-init[686]: ci-info: +--------+------+----------------------------+---------------+--------+-------------------+
[   12.245385] cloud-init[686]: ci-info: | enp0s3 | True |         10.0.2.15          | 255.255.255.0 | global | 02:dd:e5:eb:6c:77 |
[   12.247798] cloud-init[686]: ci-info: | enp0s3 | True | fe80::dd:e5ff:feeb:6c77/64 |       .       |  link  | 02:dd:e5:eb:6c:77 |
[   12.250416] cloud-init[686]: ci-info: |   lo   | True |         127.0.0.1          |   255.0.0.0   |  host  |         .         |
[   12.253912] cloud-init[686]: ci-info: |   lo   | True |          ::1/128           |       .       |  host  |         .         |
[   12.260384] cloud-init[686]: ci-info: +--------+------+----------------------------+---------------+--------+-------------------+
[   12.262227] cloud-init[686]: ci-info: ++++++++++++++++++++++++++++Route IPv4 info+++++++++++++++++++++++++++++
[   12.263562] cloud-init[686]: ci-info: +-------+-------------+----------+-----------------+-----------+-------+
[   12.276243] cloud-init[686]: ci-info: | Route | Destination | Gateway  |     Genmask     | Interface | Flags |
[   12.292167] cloud-init[686]: ci-info: +-------+-------------+----------+-----------------+-----------+-------+
[   12.293312] cloud-init[686]: ci-info: |   0   |   0.0.0.0   | 10.0.2.2 |     0.0.0.0     |   enp0s3  |   UG  |
[   12.294224] cloud-init[686]: ci-info: |   1   |   10.0.2.0  | 0.0.0.0  |  255.255.255.0  |   enp0s3  |   U   |
[   12.295413] cloud-init[686]: ci-info: |   2   |   10.0.2.2  | 0.0.0.0  | 255.255.255.255 |   enp0s3  |   UH  |
[   12.296628] cloud-init[686]: ci-info: +-------+-------------+----------+-----------------+-----------+-------+
[   12.312256] cloud-init[686]: ci-info: +++++++++++++++++++Route IPv6 info+++++++++++++++++++
[   12.313324] cloud-init[686]: ci-info: +-------+-------------+---------+-----------+-------+
[   12.314247] cloud-init[686]: ci-info: | Route | Destination | Gateway | Interface | Flags |
[   12.315115] cloud-init[686]: ci-info: +-------+-------------+---------+-----------+-------+
[   12.324492] cloud-init[686]: ci-info: |   1   |  fe80::/64  |    ::   |   enp0s3  |   U   |
[   12.325356] cloud-init[686]: ci-info: |   3   |    local    |    ::   |   enp0s3  |   U   |
[   12.326229] cloud-init[686]: ci-info: |   4   |   ff00::/8  |    ::   |   enp0s3  |   U   |
[   12.327237] cloud-init[686]: ci-info: +-------+-------------+---------+-----------+-------+
[   12.913633] cloud-init[686]: Generating public/private rsa key pair.
[   12.928501] cloud-init[686]: Your identification has been saved in /etc/ssh/ssh_host_rsa_key.
[   12.929562] cloud-init[686]: Your public key has been saved in /etc/ssh/ssh_host_rsa_key.pub.
[   12.930849] cloud-init[686]: The key fingerprint is:
[   12.931738] cloud-init[686]: SHA256:Kx0iPan/3ZE2Rs5XM3ashN1i0xWnR+EdbJudOKTFh9o root@ubuntu-bionic
[   12.932976] cloud-init[686]: The key's randomart image is:
[   12.936226] cloud-init[686]: +---[RSA 2048]----+
[   12.936946] cloud-init[686]: |            . o++|
[   12.949128] cloud-init[686]: |             =.*=|
[   12.949892] cloud-init[686]: |            * =.O|
[   12.950679] cloud-init[686]: |     . .   o E Oo|
[   12.951488] cloud-init[686]: |    . = S   o B+*|
[   12.952337] cloud-init[686]: |     o + o + +.=+|
[   12.953126] cloud-init[686]: |    . . o   O o  |
[   12.953908] cloud-init[686]: |     . . . + +   |
[   12.954781] cloud-init[686]: |      ... . .    |
[   12.955647] cloud-init[686]: +----[SHA256]-----+
[   12.956630] cloud-init[686]: Generating public/private dsa key pair.
[   12.957634] cloud-init[686]: Your identification has been saved in /etc/ssh/ssh_host_dsa_key.
[   12.959111] cloud-init[686]: Your public key has been saved in /etc/ssh/ssh_host_dsa_key.pub.
[   12.960540] cloud-init[686]: The key fingerprint is:
[[   12.972335] cloud-init[686]: SHA256:SH+uoFa0YHy9+dW89m+WApZp30dm4b0DIMqShnQVeKE root@ubuntu-bionic
[   12.972456] cloud-init[686]: The key's randomart image is:
[0;32m  OK  [0m] Started Initial cloud-init job (metadata service crawler).
[   12.972638] cloud-init[686]: +---[DSA 1024]----+
[   12.975928] cloud-init[686]: |      .oo        |
[   12.976831] cloud-init[686]: |     ..o         |
[[0;32m  OK  [0m] Reached target System Initialization.
[   12.988560] cloud-init[686]: |   . E+.         |
[[   12.990089] cloud-init[686]: |   .+ooo.. .   . |
[   12.990185] cloud-init[686]: [0;32m  OK  [0m|  ..o++.Soo +o. o|] 
Started Daily Cleanup of Temporary Directories.
[   12.990301] cloud-init[686]: |   . +oooo *..o.=|
[[   12.993005] cloud-init[686]: |    ..o  .+.o o=o|
[   12.993073] cloud-init[686]: |    .. . ..  oo=+|
[   12.993719] cloud-init[686]: |   ..   .    ..+*|
[   12.993843] cloud-init[686]: +----[SHA256]-----+
[   12.993919] cloud-init[686]: Generating public/private ecdsa key pair.
[   12.993959] cloud-init[686]: Your identification has been saved in /etc/ssh/ssh_host_ecdsa_key.
[   12.994536] cloud-init[686]: Your public key has been saved in /etc/ssh/ssh_host_ecdsa_key.pub.
[   12.995103] cloud-init[686]: The key fingerprint is:
[   12.995419] cloud-init[686]: SHA256:w+mGiuZR6S20s8je+znPr9k6Zh+2j48Psxpvs/Ezn90 root@ubuntu-bionic
[0;32m  OK  [0m] Listening on Open-iSCSI iscsid Socket.
[[0;32m  OK  [0m] Listening on D-Bus System Message Bus Socket.
[   12.995558] cloud-init[686]: The key's randomart image is:
         Starting Socket activation for snappy daemon.
[   13.014434] [[0;32m  OK  [0m] Started Daily apt download activities.
cloud-init[686]: +---[ECDSA 256]---+
[[0;32m  OK  [0m] Started Discard unused blocks once a week.
[   13.025797] [[0;32m  OK  [0m] Listening on UUID daemon activation socket.
[[0;32m  OK  [0m] Started Message of the Day.
cloud-init[686]: |                 |[[0;32m  OK  [0m] Started ACPI Events Check.
[[0;32m  OK  [0m] Reached target Paths.
[[0;32m  OK  [0m] Started Daily apt upgrade and clean activities.
[[0;32m  OK  [0m] Reached target Timers.

[   13.040502]          Starting LXD - unix socket.
[[0;32m  OK  [0m] Listening on ACPID Listen Socket.
[[0;32m  OK  [0m] Reached target Network is Online.
cloud-init         Starting Availability of block devices...
[[0;32m  OK  [0m] Reached target Remote File Systems (Pre).
[[0;32m  OK  [0m] Reached target Remote File Systems.
[[0;32m  OK  [0m] Reached target Cloud-config availability.
[[0;32m  OK  [0m] Listening on Socket activation for snappy daemon.
[[0;32m  OK  [0m] Listening on LXD - unix socket.
[[0;32m  OK  [0m] Reached target Sockets.
[[0;32m  OK  [0m] Reached target Basic System.
[686]:          Starting System Logging Service...
|                 |
[[0;32m  OK  [0m] Started D-Bus System Message Bus.
[   13.051541] cloud-init[686]: |                 |
[   13.052464] cloud-init[686]: |     . . .       |
[   13.054025] cloud-init[686]: |    +   S        |
[   13.054863] cloud-init[686]: |   + o o .       |
[   13.064342] cloud-init[686]: |  . = o + *      |
[   13.064999] cloud-init[686]: | ..= =.++*o@o  o.|
[   13.065734] cloud-init[686]: | +* =oo=BO@*=+o E|
[   13.066399] cloud-init[686]: +----[SHA256]-----+
[   13.066964] cloud-init[686]: Generating public/private ed25519 key pair.
[   13.067763] cloud-init[686]: Your identification has been saved in /etc/ssh/ssh_host_ed25519_key.
[   13.069328] cloud-init[686]: Your public key has been saved in /etc/ssh/ssh_host_ed25519_key.pub.
[   13.070348] cloud-init[686]: The key fingerprint is:
[   13.084157] cloud-init[686]: SHA256:BQ7ZlDjAv+EztPTHAJUOqrF4T0pFZpYZ9aYkG8ZkEAg root@ubuntu-bionic
[   13.085155] cloud-init[686]: The key's randomart image is:
[   13.085937] cloud-init[686]: +--[ED25519 256]--+
[   13.086682] cloud-init[686]: |E.o+=*o*+o       |
[   13.087351] cloud-init[686]: |.  +O *++.       |
[   13.087901] cloud-init[686]: |   ==o.=+ .      |
         Starting LSB: automatic crash report generation...
         Starting Permit User Sessions...
[[0;32m  OK  [0m] Started FUSE filesystem for LXC.
[   13.095804] cloud-init[686]: |  ..o==oo.       |
[   13.117605] cloud-init[686]: | . =.+.=So       |
[   13.118255] cloud-init[686]: |. = . * . o      |
         Starting Snap Daemon...
[   13.130806] cloud-init[686]: | o +   o .       |
         Starting Virtualbox guest utils...
[   13.141961] cloud-init[686]: |  . .            |
         Starting Accounts Service...
[   13.153872] cloud-init[686]: |                 |[[0;32m  OK  [0m] Started Deferred execution scheduler.

         Starting Login Service...
[   13.157166] cloud-init[686]: +----[SHA256]-----+
         Starting Dispatcher daemon for systemd-networkd...
         Starting LSB: Record successful boot for GRUB...
[[0;32m  OK  [0m] Started Regular background program processing daemon.
         Starting Pollinate to seed the pseudo random number generator...
[[0;32m  OK  [0m] Started irqbalance daemon.
         Starting LXD - container startup/shutdown...
[[0;32m  OK  [0m] Started System Logging Service.
[[0;32m  OK  [0m] Started Availability of block devices.
[[0;32m  OK  [0m] Started Permit User Sessions.
[[0;32m  OK  [0m] Started Login Service.
[[0;32m  OK  [0m] Started Unattended Upgrades Shutdown.
         Starting Authorization Manager...
         Starting Terminate Plymouth Boot Screen...
         Starting Hold until boot process finishes up...
[[0;32m  OK  [0m] Started Hold until boot process finishes up.
[[0;32m  OK  [0m] Started Terminate Plymouth Boot Screen.
[[0;32m  OK  [0m] Started Serial Getty on ttyS0.
         Starting Set console scheme...
[[0;32m  OK  [0m] Started Authorization Manager.
[[0;32m  OK  [0m] Started Accounts Service.
[[0;32m  OK  [0m] Started Set console scheme.
[[0;32m  OK  [0m] Created slice system-getty.slice.
[[0;32m  OK  [0m] Started Getty on tty1.
[[0;32m  OK  [0m] Reached target Login Prompts.
[[0;32m  OK  [0m] Started LSB: Record successful boot for GRUB.
[[0;32m  OK  [0m] Started LSB: automatic crash report generation.
[[0;32m  OK  [0m] Started Virtualbox guest utils.
[[0;32m  OK  [0m] Started LXD - container startup/shutdown.
[[0;32m  OK  [0m] Started Dispatcher daemon for systemd-networkd.
[[0;32m  OK  [0m] Started Snap Daemon.
         Starting Wait until snapd is fully seeded...
[[0;32m  OK  [0m] Started Pollinate to seed the pseudo random number generator.
         Starting OpenBSD Secure Shell server...
[[0;32m  OK  [0m] Started OpenBSD Secure Shell server.
[[0;32m  OK  [0m] Created slice User Slice of vagrant.
         Starting User Manager for UID 1000...
[[0;32m  OK  [0m] Started Session 1 of user vagrant.
[[0;32m  OK  [0m] Started User Manager for UID 1000.
[[0;32m  OK  [0m] Started Wait until snapd is fully seeded.
         Starting Apply the settings specified in cloud-config...
[[0;32m  OK  [0m] Reached target Multi-User System.
[[0;32m  OK  [0m] Reached target Graphical Interface.
         Starting Update UTMP about System Runlevel Changes...
[[0;32m  OK  [0m] Started Update UTMP about System Runlevel Changes.
[   15.896236] cloud-init[1271]: Cloud-init v. 20.4.1-0ubuntu1~18.04.1 running 'modules:config' at Thu, 25 Feb 2021 21:04:52 +0000. Up 15.33 seconds.
[[0;32m  OK  [0m] Started Apply the settings specified in cloud-config.
         Starting Execute cloud user/final scripts...
ci-info: no authorized SSH keys fingerprints found for user ubuntu.
<14>Feb 25 21:04:53 ec2: 
<14>Feb 25 21:04:53 ec2: #############################################################
<14>Feb 25 21:04:53 ec2: -----BEGIN SSH HOST KEY FINGERPRINTS-----
<14>Feb 25 21:04:53 ec2: 1024 SHA256:SH+uoFa0YHy9+dW89m+WApZp30dm4b0DIMqShnQVeKE root@ubuntu-bionic (DSA)
<14>Feb 25 21:04:53 ec2: 256 SHA256:w+mGiuZR6S20s8je+znPr9k6Zh+2j48Psxpvs/Ezn90 root@ubuntu-bionic (ECDSA)
<14>Feb 25 21:04:53 ec2: 256 SHA256:BQ7ZlDjAv+EztPTHAJUOqrF4T0pFZpYZ9aYkG8ZkEAg root@ubuntu-bionic (ED25519)
<14>Feb 25 21:04:53 ec2: 2048 SHA256:Kx0iPan/3ZE2Rs5XM3ashN1i0xWnR+EdbJudOKTFh9o root@ubuntu-bionic (RSA)
<14>Feb 25 21:04:53 ec2: -----END SSH HOST KEY FINGERPRINTS-----
<14>Feb 25 21:04:53 ec2: #############################################################
-----BEGIN SSH HOST KEY KEYS-----
ecdsa-sha2-nistp256 AAAAE2VjZHNhLXNoYTItbmlzdHAyNTYAAAAIbmlzdHAyNTYAAABBBEjgh/hJmAvoMNcFN3D6NtgWSqs1V3dwiNGF2hVdunhBnOAUJIQf0mxUGz/Yw7CLX9QD4H0JVqPzE3kRSmUaMKQ= root@ubuntu-bionic
ssh-ed25519 AAAAC3NzaC1lZDI1NTE5AAAAIHKABZVvY4tboQif4mOQVBoXSrrxgYOXPlDLe6kG5IJ6 root@ubuntu-bionic
ssh-rsa AAAAB3NzaC1yc2EAAAADAQABAAABAQC9kbB7YX1ta9bKLSeTVbOBzVy7+1P7GWtQZ6O0wOJH5R4TJG12whNFn9zSV2iJ7sQF00PBIplHu/T45XI/pQ6oGXm0EBQpXxqdKT2TjD2H2KM62+C8KFgu5NdY7hjpGZp4zQHszkXdqh2Q9yfB5/meqmWlxPnwCvwVQlnFeliaIKKMzsTYSg7F9eWb9tudFe/fCbrSKeHPmqd2zcSOZNseNeJxSTIZ3wzCWsDOZJq9JorC77kRqadnVlQ+ucRFWp2lH2ljGPu+KN19zrCkuwUoyRaENKNDfr7Jim7fTJVxHOlOjHiLGgefBNCG+SYZDi2KdMp072mHwmTtxgQO5vol root@ubuntu-bionic
-----END SSH HOST KEY KEYS-----
[   16.418273] cloud-init[1402]: Cloud-init v. 20.4.1-0ubuntu1~18.04.1 running 'modules:final' at Thu, 25 Feb 2021 21:04:53 +0000. Up 16.26 seconds.
[   16.432161] cloud-init[1402]: ci-info: no authorized SSH keys fingerprints found for user ubuntu.
[   16.433208] cloud-init[1402]: Cloud-init v. 20.4.1-0ubuntu1~18.04.1 finished at Thu, 25 Feb 2021 21:04:53 +0000. Datasource DataSourceNoCloud [seed=/dev/sdb][dsmode=net].  Up 16.41 seconds
[[0;32m  OK  [0m] Started Execute cloud user/final scripts.
[[0;32m  OK  [0m] Reached target Cloud-init target.

Ubuntu 18.04.5 LTS ubuntu-bionic ttyS0

ubuntu-bionic login: 